{"C:\\Users\\black\\helmetAppController\\app\\bluetoothDevicePairing.tsx": {"path":"C:\\Users\\black\\helmetAppController\\app\\bluetoothDevicePairing.tsx","statementMap":{"0":{"start":{"line":8,"column":19},"end":{"line":8,"column":23}},"1":{"start":{"line":10,"column":4},"end":{"line":32,"column":6}},"2":{"start":{"line":20,"column":35},"end":{"line":20,"column":65}},"3":{"start":{"line":21,"column":44},"end":{"line":24,"column":21}},"4":{"start":{"line":37,"column":13},"end":{"line":42,"column":1}},"5":{"start":{"line":44,"column":15},"end":{"line":59,"column":2}}},"fnMap":{"0":{"name":"BlueToothConnectionPage2","decl":{"start":{"line":6,"column":24},"end":{"line":6,"column":48}},"loc":{"start":{"line":6,"column":51},"end":{"line":33,"column":1}},"line":6},"1":{"name":"(anonymous_1)","decl":{"start":{"line":20,"column":29},"end":{"line":20,"column":30}},"loc":{"start":{"line":20,"column":35},"end":{"line":20,"column":65}},"line":20},"2":{"name":"(anonymous_2)","decl":{"start":{"line":21,"column":27},"end":{"line":21,"column":28}},"loc":{"start":{"line":21,"column":44},"end":{"line":24,"column":21}},"line":21}},"branchMap":{"0":{"loc":{"start":{"line":23,"column":68},"end":{"line":23,"column":86}},"type":"cond-expr","locations":[{"start":{"line":23,"column":78},"end":{"line":23,"column":82}},{"start":{"line":23,"column":85},"end":{"line":23,"column":86}}],"line":23}},"s":{"0":2,"1":2,"2":1,"3":2,"4":1,"5":1},"f":{"0":2,"1":1,"2":2},"b":{"0":[0,2]},"_coverageSchema":"1a1c01bbd47fc00a2c39e90264f33305004495a9","hash":"ced3d84c6fd0cffeb550eb64b8e3b08a831a232f"}
}
